<?xml version="1.0" encoding="UTF-8"?>
<testsuite xmlns:xsi="http://www.w3.org/2001/XMLSchema-instance" xsi:noNamespaceSchemaLocation="https://maven.apache.org/surefire/maven-surefire-plugin/xsd/surefire-test-report.xsd" name="com.elastic.search.ElasticSearchSmitApplicationTests" time="10.513" tests="1" errors="0" skipped="0" failures="0">
  <properties>
    <property name="java.specification.version" value="17"/>
    <property name="sun.cpu.isalist" value="amd64"/>
    <property name="sun.jnu.encoding" value="Cp1252"/>
    <property name="java.class.path" value="C:\eclipse\ElasticSearchSmit\target\test-classes;C:\eclipse\ElasticSearchSmit\target\classes;C:\Users\Vinit\.m2\repository\org\springframework\boot\spring-boot-starter-data-elasticsearch\2.7.9\spring-boot-starter-data-elasticsearch-2.7.9.jar;C:\Users\Vinit\.m2\repository\org\springframework\boot\spring-boot-starter\2.7.9\spring-boot-starter-2.7.9.jar;C:\Users\Vinit\.m2\repository\org\springframework\boot\spring-boot-starter-logging\2.7.9\spring-boot-starter-logging-2.7.9.jar;C:\Users\Vinit\.m2\repository\ch\qos\logback\logback-classic\1.2.11\logback-classic-1.2.11.jar;C:\Users\Vinit\.m2\repository\ch\qos\logback\logback-core\1.2.11\logback-core-1.2.11.jar;C:\Users\Vinit\.m2\repository\org\apache\logging\log4j\log4j-to-slf4j\2.17.2\log4j-to-slf4j-2.17.2.jar;C:\Users\Vinit\.m2\repository\org\apache\logging\log4j\log4j-api\2.17.2\log4j-api-2.17.2.jar;C:\Users\Vinit\.m2\repository\org\slf4j\jul-to-slf4j\1.7.36\jul-to-slf4j-1.7.36.jar;C:\Users\Vinit\.m2\repository\jakarta\annotation\jakarta.annotation-api\1.3.5\jakarta.annotation-api-1.3.5.jar;C:\Users\Vinit\.m2\repository\org\yaml\snakeyaml\1.30\snakeyaml-1.30.jar;C:\Users\Vinit\.m2\repository\org\springframework\data\spring-data-elasticsearch\4.4.8\spring-data-elasticsearch-4.4.8.jar;C:\Users\Vinit\.m2\repository\org\springframework\spring-context\5.3.25\spring-context-5.3.25.jar;C:\Users\Vinit\.m2\repository\org\springframework\spring-tx\5.3.25\spring-tx-5.3.25.jar;C:\Users\Vinit\.m2\repository\org\springframework\data\spring-data-commons\2.7.8\spring-data-commons-2.7.8.jar;C:\Users\Vinit\.m2\repository\org\elasticsearch\client\elasticsearch-rest-high-level-client\7.17.9\elasticsearch-rest-high-level-client-7.17.9.jar;C:\Users\Vinit\.m2\repository\org\elasticsearch\elasticsearch\7.17.9\elasticsearch-7.17.9.jar;C:\Users\Vinit\.m2\repository\org\elasticsearch\elasticsearch-core\7.17.9\elasticsearch-core-7.17.9.jar;C:\Users\Vinit\.m2\repository\org\elasticsearch\elasticsearch-secure-sm\7.17.9\elasticsearch-secure-sm-7.17.9.jar;C:\Users\Vinit\.m2\repository\org\elasticsearch\elasticsearch-x-content\7.17.9\elasticsearch-x-content-7.17.9.jar;C:\Users\Vinit\.m2\repository\com\fasterxml\jackson\dataformat\jackson-dataformat-smile\2.13.5\jackson-dataformat-smile-2.13.5.jar;C:\Users\Vinit\.m2\repository\com\fasterxml\jackson\dataformat\jackson-dataformat-yaml\2.13.5\jackson-dataformat-yaml-2.13.5.jar;C:\Users\Vinit\.m2\repository\com\fasterxml\jackson\dataformat\jackson-dataformat-cbor\2.13.5\jackson-dataformat-cbor-2.13.5.jar;C:\Users\Vinit\.m2\repository\org\elasticsearch\elasticsearch-geo\7.17.9\elasticsearch-geo-7.17.9.jar;C:\Users\Vinit\.m2\repository\org\elasticsearch\elasticsearch-lz4\7.17.9\elasticsearch-lz4-7.17.9.jar;C:\Users\Vinit\.m2\repository\org\lz4\lz4-java\1.8.0\lz4-java-1.8.0.jar;C:\Users\Vinit\.m2\repository\org\apache\lucene\lucene-core\8.11.1\lucene-core-8.11.1.jar;C:\Users\Vinit\.m2\repository\org\apache\lucene\lucene-analyzers-common\8.11.1\lucene-analyzers-common-8.11.1.jar;C:\Users\Vinit\.m2\repository\org\apache\lucene\lucene-backward-codecs\8.11.1\lucene-backward-codecs-8.11.1.jar;C:\Users\Vinit\.m2\repository\org\apache\lucene\lucene-grouping\8.11.1\lucene-grouping-8.11.1.jar;C:\Users\Vinit\.m2\repository\org\apache\lucene\lucene-highlighter\8.11.1\lucene-highlighter-8.11.1.jar;C:\Users\Vinit\.m2\repository\org\apache\lucene\lucene-join\8.11.1\lucene-join-8.11.1.jar;C:\Users\Vinit\.m2\repository\org\apache\lucene\lucene-memory\8.11.1\lucene-memory-8.11.1.jar;C:\Users\Vinit\.m2\repository\org\apache\lucene\lucene-misc\8.11.1\lucene-misc-8.11.1.jar;C:\Users\Vinit\.m2\repository\org\apache\lucene\lucene-queries\8.11.1\lucene-queries-8.11.1.jar;C:\Users\Vinit\.m2\repository\org\apache\lucene\lucene-queryparser\8.11.1\lucene-queryparser-8.11.1.jar;C:\Users\Vinit\.m2\repository\org\apache\lucene\lucene-sandbox\8.11.1\lucene-sandbox-8.11.1.jar;C:\Users\Vinit\.m2\repository\org\apache\lucene\lucene-spatial3d\8.11.1\lucene-spatial3d-8.11.1.jar;C:\Users\Vinit\.m2\repository\org\apache\lucene\lucene-suggest\8.11.1\lucene-suggest-8.11.1.jar;C:\Users\Vinit\.m2\repository\org\elasticsearch\elasticsearch-cli\7.17.9\elasticsearch-cli-7.17.9.jar;C:\Users\Vinit\.m2\repository\net\sf\jopt-simple\jopt-simple\5.0.2\jopt-simple-5.0.2.jar;C:\Users\Vinit\.m2\repository\com\carrotsearch\hppc\0.8.1\hppc-0.8.1.jar;C:\Users\Vinit\.m2\repository\joda-time\joda-time\2.10.10\joda-time-2.10.10.jar;C:\Users\Vinit\.m2\repository\com\tdunning\t-digest\3.2\t-digest-3.2.jar;C:\Users\Vinit\.m2\repository\org\hdrhistogram\HdrHistogram\2.1.9\HdrHistogram-2.1.9.jar;C:\Users\Vinit\.m2\repository\net\java\dev\jna\jna\5.10.0\jna-5.10.0.jar;C:\Users\Vinit\.m2\repository\org\elasticsearch\elasticsearch-plugin-classloader\7.17.9\elasticsearch-plugin-classloader-7.17.9.jar;C:\Users\Vinit\.m2\repository\org\elasticsearch\plugin\mapper-extras-client\7.17.9\mapper-extras-client-7.17.9.jar;C:\Users\Vinit\.m2\repository\org\elasticsearch\plugin\parent-join-client\7.17.9\parent-join-client-7.17.9.jar;C:\Users\Vinit\.m2\repository\org\elasticsearch\plugin\aggs-matrix-stats-client\7.17.9\aggs-matrix-stats-client-7.17.9.jar;C:\Users\Vinit\.m2\repository\org\elasticsearch\plugin\rank-eval-client\7.17.9\rank-eval-client-7.17.9.jar;C:\Users\Vinit\.m2\repository\org\elasticsearch\plugin\lang-mustache-client\7.17.9\lang-mustache-client-7.17.9.jar;C:\Users\Vinit\.m2\repository\com\github\spullara\mustache\java\compiler\0.9.6\compiler-0.9.6.jar;C:\Users\Vinit\.m2\repository\co\elastic\clients\elasticsearch-java\7.17.9\elasticsearch-java-7.17.9.jar;C:\Users\Vinit\.m2\repository\com\google\code\findbugs\jsr305\3.0.2\jsr305-3.0.2.jar;C:\Users\Vinit\.m2\repository\jakarta\json\jakarta.json-api\1.1.6\jakarta.json-api-1.1.6.jar;C:\Users\Vinit\.m2\repository\org\eclipse\parsson\parsson\1.0.0\parsson-1.0.0.jar;C:\Users\Vinit\.m2\repository\org\elasticsearch\client\elasticsearch-rest-client\7.17.9\elasticsearch-rest-client-7.17.9.jar;C:\Users\Vinit\.m2\repository\org\apache\httpcomponents\httpclient\4.5.14\httpclient-4.5.14.jar;C:\Users\Vinit\.m2\repository\org\apache\httpcomponents\httpcore\4.4.16\httpcore-4.4.16.jar;C:\Users\Vinit\.m2\repository\org\apache\httpcomponents\httpasyncclient\4.1.5\httpasyncclient-4.1.5.jar;C:\Users\Vinit\.m2\repository\org\apache\httpcomponents\httpcore-nio\4.4.16\httpcore-nio-4.4.16.jar;C:\Users\Vinit\.m2\repository\commons-codec\commons-codec\1.15\commons-codec-1.15.jar;C:\Users\Vinit\.m2\repository\com\fasterxml\jackson\core\jackson-core\2.13.5\jackson-core-2.13.5.jar;C:\Users\Vinit\.m2\repository\com\fasterxml\jackson\core\jackson-databind\2.13.5\jackson-databind-2.13.5.jar;C:\Users\Vinit\.m2\repository\com\fasterxml\jackson\core\jackson-annotations\2.13.5\jackson-annotations-2.13.5.jar;C:\Users\Vinit\.m2\repository\org\slf4j\slf4j-api\1.7.36\slf4j-api-1.7.36.jar;C:\Users\Vinit\.m2\repository\org\springframework\boot\spring-boot-starter-web\2.7.9\spring-boot-starter-web-2.7.9.jar;C:\Users\Vinit\.m2\repository\org\springframework\boot\spring-boot-starter-json\2.7.9\spring-boot-starter-json-2.7.9.jar;C:\Users\Vinit\.m2\repository\com\fasterxml\jackson\datatype\jackson-datatype-jdk8\2.13.5\jackson-datatype-jdk8-2.13.5.jar;C:\Users\Vinit\.m2\repository\com\fasterxml\jackson\datatype\jackson-datatype-jsr310\2.13.5\jackson-datatype-jsr310-2.13.5.jar;C:\Users\Vinit\.m2\repository\com\fasterxml\jackson\module\jackson-module-parameter-names\2.13.5\jackson-module-parameter-names-2.13.5.jar;C:\Users\Vinit\.m2\repository\org\springframework\boot\spring-boot-starter-tomcat\2.7.9\spring-boot-starter-tomcat-2.7.9.jar;C:\Users\Vinit\.m2\repository\org\apache\tomcat\embed\tomcat-embed-core\9.0.71\tomcat-embed-core-9.0.71.jar;C:\Users\Vinit\.m2\repository\org\apache\tomcat\embed\tomcat-embed-el\9.0.71\tomcat-embed-el-9.0.71.jar;C:\Users\Vinit\.m2\repository\org\apache\tomcat\embed\tomcat-embed-websocket\9.0.71\tomcat-embed-websocket-9.0.71.jar;C:\Users\Vinit\.m2\repository\org\springframework\spring-web\5.3.25\spring-web-5.3.25.jar;C:\Users\Vinit\.m2\repository\org\springframework\spring-beans\5.3.25\spring-beans-5.3.25.jar;C:\Users\Vinit\.m2\repository\org\springframework\spring-webmvc\5.3.25\spring-webmvc-5.3.25.jar;C:\Users\Vinit\.m2\repository\org\springframework\spring-aop\5.3.25\spring-aop-5.3.25.jar;C:\Users\Vinit\.m2\repository\org\springframework\spring-expression\5.3.25\spring-expression-5.3.25.jar;C:\Users\Vinit\.m2\repository\org\springframework\cloud\spring-cloud-starter\3.1.6\spring-cloud-starter-3.1.6.jar;C:\Users\Vinit\.m2\repository\org\springframework\cloud\spring-cloud-context\3.1.6\spring-cloud-context-3.1.6.jar;C:\Users\Vinit\.m2\repository\org\springframework\security\spring-security-crypto\5.7.7\spring-security-crypto-5.7.7.jar;C:\Users\Vinit\.m2\repository\org\springframework\cloud\spring-cloud-commons\3.1.6\spring-cloud-commons-3.1.6.jar;C:\Users\Vinit\.m2\repository\org\springframework\security\spring-security-rsa\1.0.11.RELEASE\spring-security-rsa-1.0.11.RELEASE.jar;C:\Users\Vinit\.m2\repository\org\bouncycastle\bcpkix-jdk15on\1.69\bcpkix-jdk15on-1.69.jar;C:\Users\Vinit\.m2\repository\org\bouncycastle\bcprov-jdk15on\1.69\bcprov-jdk15on-1.69.jar;C:\Users\Vinit\.m2\repository\org\bouncycastle\bcutil-jdk15on\1.69\bcutil-jdk15on-1.69.jar;C:\Users\Vinit\.m2\repository\org\springframework\cloud\spring-cloud-starter-sleuth\3.1.7\spring-cloud-starter-sleuth-3.1.7.jar;C:\Users\Vinit\.m2\repository\org\springframework\boot\spring-boot-starter-aop\2.7.9\spring-boot-starter-aop-2.7.9.jar;C:\Users\Vinit\.m2\repository\org\aspectj\aspectjweaver\1.9.7\aspectjweaver-1.9.7.jar;C:\Users\Vinit\.m2\repository\org\springframework\cloud\spring-cloud-sleuth-autoconfigure\3.1.7\spring-cloud-sleuth-autoconfigure-3.1.7.jar;C:\Users\Vinit\.m2\repository\org\springframework\cloud\spring-cloud-sleuth-instrumentation\3.1.7\spring-cloud-sleuth-instrumentation-3.1.7.jar;C:\Users\Vinit\.m2\repository\org\springframework\cloud\spring-cloud-sleuth-api\3.1.7\spring-cloud-sleuth-api-3.1.7.jar;C:\Users\Vinit\.m2\repository\org\aspectj\aspectjrt\1.9.7\aspectjrt-1.9.7.jar;C:\Users\Vinit\.m2\repository\org\springframework\cloud\spring-cloud-sleuth-brave\3.1.7\spring-cloud-sleuth-brave-3.1.7.jar;C:\Users\Vinit\.m2\repository\io\zipkin\brave\brave\5.13.9\brave-5.13.9.jar;C:\Users\Vinit\.m2\repository\io\zipkin\brave\brave-context-slf4j\5.13.9\brave-context-slf4j-5.13.9.jar;C:\Users\Vinit\.m2\repository\io\zipkin\brave\brave-instrumentation-messaging\5.13.9\brave-instrumentation-messaging-5.13.9.jar;C:\Users\Vinit\.m2\repository\io\zipkin\brave\brave-instrumentation-rpc\5.13.9\brave-instrumentation-rpc-5.13.9.jar;C:\Users\Vinit\.m2\repository\io\zipkin\brave\brave-instrumentation-spring-rabbit\5.13.9\brave-instrumentation-spring-rabbit-5.13.9.jar;C:\Users\Vinit\.m2\repository\io\zipkin\brave\brave-instrumentation-kafka-clients\5.13.9\brave-instrumentation-kafka-clients-5.13.9.jar;C:\Users\Vinit\.m2\repository\io\zipkin\brave\brave-instrumentation-kafka-streams\5.13.9\brave-instrumentation-kafka-streams-5.13.9.jar;C:\Users\Vinit\.m2\repository\io\zipkin\brave\brave-instrumentation-httpclient\5.13.9\brave-instrumentation-httpclient-5.13.9.jar;C:\Users\Vinit\.m2\repository\io\zipkin\brave\brave-instrumentation-http\5.13.9\brave-instrumentation-http-5.13.9.jar;C:\Users\Vinit\.m2\repository\io\zipkin\brave\brave-instrumentation-httpasyncclient\5.13.9\brave-instrumentation-httpasyncclient-5.13.9.jar;C:\Users\Vinit\.m2\repository\io\zipkin\brave\brave-instrumentation-jms\5.13.9\brave-instrumentation-jms-5.13.9.jar;C:\Users\Vinit\.m2\repository\io\zipkin\brave\brave-instrumentation-mongodb\5.13.9\brave-instrumentation-mongodb-5.13.9.jar;C:\Users\Vinit\.m2\repository\io\zipkin\aws\brave-propagation-aws\0.21.3\brave-propagation-aws-0.21.3.jar;C:\Users\Vinit\.m2\repository\io\zipkin\reporter2\zipkin-reporter-metrics-micrometer\2.16.3\zipkin-reporter-metrics-micrometer-2.16.3.jar;C:\Users\Vinit\.m2\repository\io\zipkin\reporter2\zipkin-reporter\2.16.3\zipkin-reporter-2.16.3.jar;C:\Users\Vinit\.m2\repository\io\zipkin\zipkin2\zipkin\2.23.2\zipkin-2.23.2.jar;C:\Users\Vinit\.m2\repository\org\springframework\boot\spring-boot-devtools\2.7.9\spring-boot-devtools-2.7.9.jar;C:\Users\Vinit\.m2\repository\org\springframework\boot\spring-boot\2.7.9\spring-boot-2.7.9.jar;C:\Users\Vinit\.m2\repository\org\springframework\boot\spring-boot-autoconfigure\2.7.9\spring-boot-autoconfigure-2.7.9.jar;C:\Users\Vinit\.m2\repository\org\springframework\boot\spring-boot-starter-test\2.7.9\spring-boot-starter-test-2.7.9.jar;C:\Users\Vinit\.m2\repository\org\springframework\boot\spring-boot-test\2.7.9\spring-boot-test-2.7.9.jar;C:\Users\Vinit\.m2\repository\org\springframework\boot\spring-boot-test-autoconfigure\2.7.9\spring-boot-test-autoconfigure-2.7.9.jar;C:\Users\Vinit\.m2\repository\com\jayway\jsonpath\json-path\2.7.0\json-path-2.7.0.jar;C:\Users\Vinit\.m2\repository\net\minidev\json-smart\2.4.8\json-smart-2.4.8.jar;C:\Users\Vinit\.m2\repository\net\minidev\accessors-smart\2.4.8\accessors-smart-2.4.8.jar;C:\Users\Vinit\.m2\repository\org\ow2\asm\asm\9.1\asm-9.1.jar;C:\Users\Vinit\.m2\repository\jakarta\xml\bind\jakarta.xml.bind-api\2.3.3\jakarta.xml.bind-api-2.3.3.jar;C:\Users\Vinit\.m2\repository\jakarta\activation\jakarta.activation-api\1.2.2\jakarta.activation-api-1.2.2.jar;C:\Users\Vinit\.m2\repository\org\assertj\assertj-core\3.22.0\assertj-core-3.22.0.jar;C:\Users\Vinit\.m2\repository\org\hamcrest\hamcrest\2.2\hamcrest-2.2.jar;C:\Users\Vinit\.m2\repository\org\junit\jupiter\junit-jupiter\5.8.2\junit-jupiter-5.8.2.jar;C:\Users\Vinit\.m2\repository\org\junit\jupiter\junit-jupiter-api\5.8.2\junit-jupiter-api-5.8.2.jar;C:\Users\Vinit\.m2\repository\org\opentest4j\opentest4j\1.2.0\opentest4j-1.2.0.jar;C:\Users\Vinit\.m2\repository\org\junit\platform\junit-platform-commons\1.8.2\junit-platform-commons-1.8.2.jar;C:\Users\Vinit\.m2\repository\org\apiguardian\apiguardian-api\1.1.2\apiguardian-api-1.1.2.jar;C:\Users\Vinit\.m2\repository\org\junit\jupiter\junit-jupiter-params\5.8.2\junit-jupiter-params-5.8.2.jar;C:\Users\Vinit\.m2\repository\org\junit\jupiter\junit-jupiter-engine\5.8.2\junit-jupiter-engine-5.8.2.jar;C:\Users\Vinit\.m2\repository\org\junit\platform\junit-platform-engine\1.8.2\junit-platform-engine-1.8.2.jar;C:\Users\Vinit\.m2\repository\org\mockito\mockito-core\4.5.1\mockito-core-4.5.1.jar;C:\Users\Vinit\.m2\repository\net\bytebuddy\byte-buddy\1.12.23\byte-buddy-1.12.23.jar;C:\Users\Vinit\.m2\repository\net\bytebuddy\byte-buddy-agent\1.12.23\byte-buddy-agent-1.12.23.jar;C:\Users\Vinit\.m2\repository\org\objenesis\objenesis\3.2\objenesis-3.2.jar;C:\Users\Vinit\.m2\repository\org\mockito\mockito-junit-jupiter\4.5.1\mockito-junit-jupiter-4.5.1.jar;C:\Users\Vinit\.m2\repository\org\skyscreamer\jsonassert\1.5.1\jsonassert-1.5.1.jar;C:\Users\Vinit\.m2\repository\com\vaadin\external\google\android-json\0.0.20131108.vaadin1\android-json-0.0.20131108.vaadin1.jar;C:\Users\Vinit\.m2\repository\org\springframework\spring-core\5.3.25\spring-core-5.3.25.jar;C:\Users\Vinit\.m2\repository\org\springframework\spring-jcl\5.3.25\spring-jcl-5.3.25.jar;C:\Users\Vinit\.m2\repository\org\springframework\spring-test\5.3.25\spring-test-5.3.25.jar;C:\Users\Vinit\.m2\repository\org\xmlunit\xmlunit-core\2.9.1\xmlunit-core-2.9.1.jar;"/>
    <property name="java.vm.vendor" value="Eclipse Adoptium"/>
    <property name="sun.arch.data.model" value="64"/>
    <property name="user.variant" value=""/>
    <property name="java.vendor.url" value="https://adoptium.net/"/>
    <property name="user.timezone" value="Asia/Calcutta"/>
    <property name="user.country.format" value="BE"/>
    <property name="os.name" value="Windows 11"/>
    <property name="java.vm.specification.version" value="17"/>
    <property name="sun.java.launcher" value="SUN_STANDARD"/>
    <property name="user.country" value="US"/>
    <property name="sun.boot.library.path" value="C:\Users\Vinit\.p2\pool\plugins\org.eclipse.justj.openjdk.hotspot.jre.full.win32.x86_64_17.0.4.v20221004-1257\jre\bin"/>
    <property name="sun.java.command" value="C:\Users\Vinit\AppData\Local\Temp\surefire16347980874890214572\surefirebooter5571187202540764126.jar C:\Users\Vinit\AppData\Local\Temp\surefire16347980874890214572 2023-03-16T12-10-17_960-jvmRun1 surefire9087969951007395464tmp surefire_016623908881530410500tmp"/>
    <property name="jdk.debug" value="release"/>
    <property name="surefire.test.class.path" value="C:\eclipse\ElasticSearchSmit\target\test-classes;C:\eclipse\ElasticSearchSmit\target\classes;C:\Users\Vinit\.m2\repository\org\springframework\boot\spring-boot-starter-data-elasticsearch\2.7.9\spring-boot-starter-data-elasticsearch-2.7.9.jar;C:\Users\Vinit\.m2\repository\org\springframework\boot\spring-boot-starter\2.7.9\spring-boot-starter-2.7.9.jar;C:\Users\Vinit\.m2\repository\org\springframework\boot\spring-boot-starter-logging\2.7.9\spring-boot-starter-logging-2.7.9.jar;C:\Users\Vinit\.m2\repository\ch\qos\logback\logback-classic\1.2.11\logback-classic-1.2.11.jar;C:\Users\Vinit\.m2\repository\ch\qos\logback\logback-core\1.2.11\logback-core-1.2.11.jar;C:\Users\Vinit\.m2\repository\org\apache\logging\log4j\log4j-to-slf4j\2.17.2\log4j-to-slf4j-2.17.2.jar;C:\Users\Vinit\.m2\repository\org\apache\logging\log4j\log4j-api\2.17.2\log4j-api-2.17.2.jar;C:\Users\Vinit\.m2\repository\org\slf4j\jul-to-slf4j\1.7.36\jul-to-slf4j-1.7.36.jar;C:\Users\Vinit\.m2\repository\jakarta\annotation\jakarta.annotation-api\1.3.5\jakarta.annotation-api-1.3.5.jar;C:\Users\Vinit\.m2\repository\org\yaml\snakeyaml\1.30\snakeyaml-1.30.jar;C:\Users\Vinit\.m2\repository\org\springframework\data\spring-data-elasticsearch\4.4.8\spring-data-elasticsearch-4.4.8.jar;C:\Users\Vinit\.m2\repository\org\springframework\spring-context\5.3.25\spring-context-5.3.25.jar;C:\Users\Vinit\.m2\repository\org\springframework\spring-tx\5.3.25\spring-tx-5.3.25.jar;C:\Users\Vinit\.m2\repository\org\springframework\data\spring-data-commons\2.7.8\spring-data-commons-2.7.8.jar;C:\Users\Vinit\.m2\repository\org\elasticsearch\client\elasticsearch-rest-high-level-client\7.17.9\elasticsearch-rest-high-level-client-7.17.9.jar;C:\Users\Vinit\.m2\repository\org\elasticsearch\elasticsearch\7.17.9\elasticsearch-7.17.9.jar;C:\Users\Vinit\.m2\repository\org\elasticsearch\elasticsearch-core\7.17.9\elasticsearch-core-7.17.9.jar;C:\Users\Vinit\.m2\repository\org\elasticsearch\elasticsearch-secure-sm\7.17.9\elasticsearch-secure-sm-7.17.9.jar;C:\Users\Vinit\.m2\repository\org\elasticsearch\elasticsearch-x-content\7.17.9\elasticsearch-x-content-7.17.9.jar;C:\Users\Vinit\.m2\repository\com\fasterxml\jackson\dataformat\jackson-dataformat-smile\2.13.5\jackson-dataformat-smile-2.13.5.jar;C:\Users\Vinit\.m2\repository\com\fasterxml\jackson\dataformat\jackson-dataformat-yaml\2.13.5\jackson-dataformat-yaml-2.13.5.jar;C:\Users\Vinit\.m2\repository\com\fasterxml\jackson\dataformat\jackson-dataformat-cbor\2.13.5\jackson-dataformat-cbor-2.13.5.jar;C:\Users\Vinit\.m2\repository\org\elasticsearch\elasticsearch-geo\7.17.9\elasticsearch-geo-7.17.9.jar;C:\Users\Vinit\.m2\repository\org\elasticsearch\elasticsearch-lz4\7.17.9\elasticsearch-lz4-7.17.9.jar;C:\Users\Vinit\.m2\repository\org\lz4\lz4-java\1.8.0\lz4-java-1.8.0.jar;C:\Users\Vinit\.m2\repository\org\apache\lucene\lucene-core\8.11.1\lucene-core-8.11.1.jar;C:\Users\Vinit\.m2\repository\org\apache\lucene\lucene-analyzers-common\8.11.1\lucene-analyzers-common-8.11.1.jar;C:\Users\Vinit\.m2\repository\org\apache\lucene\lucene-backward-codecs\8.11.1\lucene-backward-codecs-8.11.1.jar;C:\Users\Vinit\.m2\repository\org\apache\lucene\lucene-grouping\8.11.1\lucene-grouping-8.11.1.jar;C:\Users\Vinit\.m2\repository\org\apache\lucene\lucene-highlighter\8.11.1\lucene-highlighter-8.11.1.jar;C:\Users\Vinit\.m2\repository\org\apache\lucene\lucene-join\8.11.1\lucene-join-8.11.1.jar;C:\Users\Vinit\.m2\repository\org\apache\lucene\lucene-memory\8.11.1\lucene-memory-8.11.1.jar;C:\Users\Vinit\.m2\repository\org\apache\lucene\lucene-misc\8.11.1\lucene-misc-8.11.1.jar;C:\Users\Vinit\.m2\repository\org\apache\lucene\lucene-queries\8.11.1\lucene-queries-8.11.1.jar;C:\Users\Vinit\.m2\repository\org\apache\lucene\lucene-queryparser\8.11.1\lucene-queryparser-8.11.1.jar;C:\Users\Vinit\.m2\repository\org\apache\lucene\lucene-sandbox\8.11.1\lucene-sandbox-8.11.1.jar;C:\Users\Vinit\.m2\repository\org\apache\lucene\lucene-spatial3d\8.11.1\lucene-spatial3d-8.11.1.jar;C:\Users\Vinit\.m2\repository\org\apache\lucene\lucene-suggest\8.11.1\lucene-suggest-8.11.1.jar;C:\Users\Vinit\.m2\repository\org\elasticsearch\elasticsearch-cli\7.17.9\elasticsearch-cli-7.17.9.jar;C:\Users\Vinit\.m2\repository\net\sf\jopt-simple\jopt-simple\5.0.2\jopt-simple-5.0.2.jar;C:\Users\Vinit\.m2\repository\com\carrotsearch\hppc\0.8.1\hppc-0.8.1.jar;C:\Users\Vinit\.m2\repository\joda-time\joda-time\2.10.10\joda-time-2.10.10.jar;C:\Users\Vinit\.m2\repository\com\tdunning\t-digest\3.2\t-digest-3.2.jar;C:\Users\Vinit\.m2\repository\org\hdrhistogram\HdrHistogram\2.1.9\HdrHistogram-2.1.9.jar;C:\Users\Vinit\.m2\repository\net\java\dev\jna\jna\5.10.0\jna-5.10.0.jar;C:\Users\Vinit\.m2\repository\org\elasticsearch\elasticsearch-plugin-classloader\7.17.9\elasticsearch-plugin-classloader-7.17.9.jar;C:\Users\Vinit\.m2\repository\org\elasticsearch\plugin\mapper-extras-client\7.17.9\mapper-extras-client-7.17.9.jar;C:\Users\Vinit\.m2\repository\org\elasticsearch\plugin\parent-join-client\7.17.9\parent-join-client-7.17.9.jar;C:\Users\Vinit\.m2\repository\org\elasticsearch\plugin\aggs-matrix-stats-client\7.17.9\aggs-matrix-stats-client-7.17.9.jar;C:\Users\Vinit\.m2\repository\org\elasticsearch\plugin\rank-eval-client\7.17.9\rank-eval-client-7.17.9.jar;C:\Users\Vinit\.m2\repository\org\elasticsearch\plugin\lang-mustache-client\7.17.9\lang-mustache-client-7.17.9.jar;C:\Users\Vinit\.m2\repository\com\github\spullara\mustache\java\compiler\0.9.6\compiler-0.9.6.jar;C:\Users\Vinit\.m2\repository\co\elastic\clients\elasticsearch-java\7.17.9\elasticsearch-java-7.17.9.jar;C:\Users\Vinit\.m2\repository\com\google\code\findbugs\jsr305\3.0.2\jsr305-3.0.2.jar;C:\Users\Vinit\.m2\repository\jakarta\json\jakarta.json-api\1.1.6\jakarta.json-api-1.1.6.jar;C:\Users\Vinit\.m2\repository\org\eclipse\parsson\parsson\1.0.0\parsson-1.0.0.jar;C:\Users\Vinit\.m2\repository\org\elasticsearch\client\elasticsearch-rest-client\7.17.9\elasticsearch-rest-client-7.17.9.jar;C:\Users\Vinit\.m2\repository\org\apache\httpcomponents\httpclient\4.5.14\httpclient-4.5.14.jar;C:\Users\Vinit\.m2\repository\org\apache\httpcomponents\httpcore\4.4.16\httpcore-4.4.16.jar;C:\Users\Vinit\.m2\repository\org\apache\httpcomponents\httpasyncclient\4.1.5\httpasyncclient-4.1.5.jar;C:\Users\Vinit\.m2\repository\org\apache\httpcomponents\httpcore-nio\4.4.16\httpcore-nio-4.4.16.jar;C:\Users\Vinit\.m2\repository\commons-codec\commons-codec\1.15\commons-codec-1.15.jar;C:\Users\Vinit\.m2\repository\com\fasterxml\jackson\core\jackson-core\2.13.5\jackson-core-2.13.5.jar;C:\Users\Vinit\.m2\repository\com\fasterxml\jackson\core\jackson-databind\2.13.5\jackson-databind-2.13.5.jar;C:\Users\Vinit\.m2\repository\com\fasterxml\jackson\core\jackson-annotations\2.13.5\jackson-annotations-2.13.5.jar;C:\Users\Vinit\.m2\repository\org\slf4j\slf4j-api\1.7.36\slf4j-api-1.7.36.jar;C:\Users\Vinit\.m2\repository\org\springframework\boot\spring-boot-starter-web\2.7.9\spring-boot-starter-web-2.7.9.jar;C:\Users\Vinit\.m2\repository\org\springframework\boot\spring-boot-starter-json\2.7.9\spring-boot-starter-json-2.7.9.jar;C:\Users\Vinit\.m2\repository\com\fasterxml\jackson\datatype\jackson-datatype-jdk8\2.13.5\jackson-datatype-jdk8-2.13.5.jar;C:\Users\Vinit\.m2\repository\com\fasterxml\jackson\datatype\jackson-datatype-jsr310\2.13.5\jackson-datatype-jsr310-2.13.5.jar;C:\Users\Vinit\.m2\repository\com\fasterxml\jackson\module\jackson-module-parameter-names\2.13.5\jackson-module-parameter-names-2.13.5.jar;C:\Users\Vinit\.m2\repository\org\springframework\boot\spring-boot-starter-tomcat\2.7.9\spring-boot-starter-tomcat-2.7.9.jar;C:\Users\Vinit\.m2\repository\org\apache\tomcat\embed\tomcat-embed-core\9.0.71\tomcat-embed-core-9.0.71.jar;C:\Users\Vinit\.m2\repository\org\apache\tomcat\embed\tomcat-embed-el\9.0.71\tomcat-embed-el-9.0.71.jar;C:\Users\Vinit\.m2\repository\org\apache\tomcat\embed\tomcat-embed-websocket\9.0.71\tomcat-embed-websocket-9.0.71.jar;C:\Users\Vinit\.m2\repository\org\springframework\spring-web\5.3.25\spring-web-5.3.25.jar;C:\Users\Vinit\.m2\repository\org\springframework\spring-beans\5.3.25\spring-beans-5.3.25.jar;C:\Users\Vinit\.m2\repository\org\springframework\spring-webmvc\5.3.25\spring-webmvc-5.3.25.jar;C:\Users\Vinit\.m2\repository\org\springframework\spring-aop\5.3.25\spring-aop-5.3.25.jar;C:\Users\Vinit\.m2\repository\org\springframework\spring-expression\5.3.25\spring-expression-5.3.25.jar;C:\Users\Vinit\.m2\repository\org\springframework\cloud\spring-cloud-starter\3.1.6\spring-cloud-starter-3.1.6.jar;C:\Users\Vinit\.m2\repository\org\springframework\cloud\spring-cloud-context\3.1.6\spring-cloud-context-3.1.6.jar;C:\Users\Vinit\.m2\repository\org\springframework\security\spring-security-crypto\5.7.7\spring-security-crypto-5.7.7.jar;C:\Users\Vinit\.m2\repository\org\springframework\cloud\spring-cloud-commons\3.1.6\spring-cloud-commons-3.1.6.jar;C:\Users\Vinit\.m2\repository\org\springframework\security\spring-security-rsa\1.0.11.RELEASE\spring-security-rsa-1.0.11.RELEASE.jar;C:\Users\Vinit\.m2\repository\org\bouncycastle\bcpkix-jdk15on\1.69\bcpkix-jdk15on-1.69.jar;C:\Users\Vinit\.m2\repository\org\bouncycastle\bcprov-jdk15on\1.69\bcprov-jdk15on-1.69.jar;C:\Users\Vinit\.m2\repository\org\bouncycastle\bcutil-jdk15on\1.69\bcutil-jdk15on-1.69.jar;C:\Users\Vinit\.m2\repository\org\springframework\cloud\spring-cloud-starter-sleuth\3.1.7\spring-cloud-starter-sleuth-3.1.7.jar;C:\Users\Vinit\.m2\repository\org\springframework\boot\spring-boot-starter-aop\2.7.9\spring-boot-starter-aop-2.7.9.jar;C:\Users\Vinit\.m2\repository\org\aspectj\aspectjweaver\1.9.7\aspectjweaver-1.9.7.jar;C:\Users\Vinit\.m2\repository\org\springframework\cloud\spring-cloud-sleuth-autoconfigure\3.1.7\spring-cloud-sleuth-autoconfigure-3.1.7.jar;C:\Users\Vinit\.m2\repository\org\springframework\cloud\spring-cloud-sleuth-instrumentation\3.1.7\spring-cloud-sleuth-instrumentation-3.1.7.jar;C:\Users\Vinit\.m2\repository\org\springframework\cloud\spring-cloud-sleuth-api\3.1.7\spring-cloud-sleuth-api-3.1.7.jar;C:\Users\Vinit\.m2\repository\org\aspectj\aspectjrt\1.9.7\aspectjrt-1.9.7.jar;C:\Users\Vinit\.m2\repository\org\springframework\cloud\spring-cloud-sleuth-brave\3.1.7\spring-cloud-sleuth-brave-3.1.7.jar;C:\Users\Vinit\.m2\repository\io\zipkin\brave\brave\5.13.9\brave-5.13.9.jar;C:\Users\Vinit\.m2\repository\io\zipkin\brave\brave-context-slf4j\5.13.9\brave-context-slf4j-5.13.9.jar;C:\Users\Vinit\.m2\repository\io\zipkin\brave\brave-instrumentation-messaging\5.13.9\brave-instrumentation-messaging-5.13.9.jar;C:\Users\Vinit\.m2\repository\io\zipkin\brave\brave-instrumentation-rpc\5.13.9\brave-instrumentation-rpc-5.13.9.jar;C:\Users\Vinit\.m2\repository\io\zipkin\brave\brave-instrumentation-spring-rabbit\5.13.9\brave-instrumentation-spring-rabbit-5.13.9.jar;C:\Users\Vinit\.m2\repository\io\zipkin\brave\brave-instrumentation-kafka-clients\5.13.9\brave-instrumentation-kafka-clients-5.13.9.jar;C:\Users\Vinit\.m2\repository\io\zipkin\brave\brave-instrumentation-kafka-streams\5.13.9\brave-instrumentation-kafka-streams-5.13.9.jar;C:\Users\Vinit\.m2\repository\io\zipkin\brave\brave-instrumentation-httpclient\5.13.9\brave-instrumentation-httpclient-5.13.9.jar;C:\Users\Vinit\.m2\repository\io\zipkin\brave\brave-instrumentation-http\5.13.9\brave-instrumentation-http-5.13.9.jar;C:\Users\Vinit\.m2\repository\io\zipkin\brave\brave-instrumentation-httpasyncclient\5.13.9\brave-instrumentation-httpasyncclient-5.13.9.jar;C:\Users\Vinit\.m2\repository\io\zipkin\brave\brave-instrumentation-jms\5.13.9\brave-instrumentation-jms-5.13.9.jar;C:\Users\Vinit\.m2\repository\io\zipkin\brave\brave-instrumentation-mongodb\5.13.9\brave-instrumentation-mongodb-5.13.9.jar;C:\Users\Vinit\.m2\repository\io\zipkin\aws\brave-propagation-aws\0.21.3\brave-propagation-aws-0.21.3.jar;C:\Users\Vinit\.m2\repository\io\zipkin\reporter2\zipkin-reporter-metrics-micrometer\2.16.3\zipkin-reporter-metrics-micrometer-2.16.3.jar;C:\Users\Vinit\.m2\repository\io\zipkin\reporter2\zipkin-reporter\2.16.3\zipkin-reporter-2.16.3.jar;C:\Users\Vinit\.m2\repository\io\zipkin\zipkin2\zipkin\2.23.2\zipkin-2.23.2.jar;C:\Users\Vinit\.m2\repository\org\springframework\boot\spring-boot-devtools\2.7.9\spring-boot-devtools-2.7.9.jar;C:\Users\Vinit\.m2\repository\org\springframework\boot\spring-boot\2.7.9\spring-boot-2.7.9.jar;C:\Users\Vinit\.m2\repository\org\springframework\boot\spring-boot-autoconfigure\2.7.9\spring-boot-autoconfigure-2.7.9.jar;C:\Users\Vinit\.m2\repository\org\springframework\boot\spring-boot-starter-test\2.7.9\spring-boot-starter-test-2.7.9.jar;C:\Users\Vinit\.m2\repository\org\springframework\boot\spring-boot-test\2.7.9\spring-boot-test-2.7.9.jar;C:\Users\Vinit\.m2\repository\org\springframework\boot\spring-boot-test-autoconfigure\2.7.9\spring-boot-test-autoconfigure-2.7.9.jar;C:\Users\Vinit\.m2\repository\com\jayway\jsonpath\json-path\2.7.0\json-path-2.7.0.jar;C:\Users\Vinit\.m2\repository\net\minidev\json-smart\2.4.8\json-smart-2.4.8.jar;C:\Users\Vinit\.m2\repository\net\minidev\accessors-smart\2.4.8\accessors-smart-2.4.8.jar;C:\Users\Vinit\.m2\repository\org\ow2\asm\asm\9.1\asm-9.1.jar;C:\Users\Vinit\.m2\repository\jakarta\xml\bind\jakarta.xml.bind-api\2.3.3\jakarta.xml.bind-api-2.3.3.jar;C:\Users\Vinit\.m2\repository\jakarta\activation\jakarta.activation-api\1.2.2\jakarta.activation-api-1.2.2.jar;C:\Users\Vinit\.m2\repository\org\assertj\assertj-core\3.22.0\assertj-core-3.22.0.jar;C:\Users\Vinit\.m2\repository\org\hamcrest\hamcrest\2.2\hamcrest-2.2.jar;C:\Users\Vinit\.m2\repository\org\junit\jupiter\junit-jupiter\5.8.2\junit-jupiter-5.8.2.jar;C:\Users\Vinit\.m2\repository\org\junit\jupiter\junit-jupiter-api\5.8.2\junit-jupiter-api-5.8.2.jar;C:\Users\Vinit\.m2\repository\org\opentest4j\opentest4j\1.2.0\opentest4j-1.2.0.jar;C:\Users\Vinit\.m2\repository\org\junit\platform\junit-platform-commons\1.8.2\junit-platform-commons-1.8.2.jar;C:\Users\Vinit\.m2\repository\org\apiguardian\apiguardian-api\1.1.2\apiguardian-api-1.1.2.jar;C:\Users\Vinit\.m2\repository\org\junit\jupiter\junit-jupiter-params\5.8.2\junit-jupiter-params-5.8.2.jar;C:\Users\Vinit\.m2\repository\org\junit\jupiter\junit-jupiter-engine\5.8.2\junit-jupiter-engine-5.8.2.jar;C:\Users\Vinit\.m2\repository\org\junit\platform\junit-platform-engine\1.8.2\junit-platform-engine-1.8.2.jar;C:\Users\Vinit\.m2\repository\org\mockito\mockito-core\4.5.1\mockito-core-4.5.1.jar;C:\Users\Vinit\.m2\repository\net\bytebuddy\byte-buddy\1.12.23\byte-buddy-1.12.23.jar;C:\Users\Vinit\.m2\repository\net\bytebuddy\byte-buddy-agent\1.12.23\byte-buddy-agent-1.12.23.jar;C:\Users\Vinit\.m2\repository\org\objenesis\objenesis\3.2\objenesis-3.2.jar;C:\Users\Vinit\.m2\repository\org\mockito\mockito-junit-jupiter\4.5.1\mockito-junit-jupiter-4.5.1.jar;C:\Users\Vinit\.m2\repository\org\skyscreamer\jsonassert\1.5.1\jsonassert-1.5.1.jar;C:\Users\Vinit\.m2\repository\com\vaadin\external\google\android-json\0.0.20131108.vaadin1\android-json-0.0.20131108.vaadin1.jar;C:\Users\Vinit\.m2\repository\org\springframework\spring-core\5.3.25\spring-core-5.3.25.jar;C:\Users\Vinit\.m2\repository\org\springframework\spring-jcl\5.3.25\spring-jcl-5.3.25.jar;C:\Users\Vinit\.m2\repository\org\springframework\spring-test\5.3.25\spring-test-5.3.25.jar;C:\Users\Vinit\.m2\repository\org\xmlunit\xmlunit-core\2.9.1\xmlunit-core-2.9.1.jar;"/>
    <property name="sun.cpu.endian" value="little"/>
    <property name="user.home" value="C:\Users\Vinit"/>
    <property name="user.language" value="en"/>
    <property name="java.specification.vendor" value="Oracle Corporation"/>
    <property name="java.version.date" value="2022-08-12"/>
    <property name="java.home" value="C:\Users\Vinit\.p2\pool\plugins\org.eclipse.justj.openjdk.hotspot.jre.full.win32.x86_64_17.0.4.v20221004-1257\jre"/>
    <property name="file.separator" value="\"/>
    <property name="style.color" value="always"/>
    <property name="basedir" value="C:\eclipse\ElasticSearchSmit"/>
    <property name="java.vm.compressedOopsMode" value="32-bit"/>
    <property name="line.separator" value="&#10;"/>
    <property name="java.vm.specification.vendor" value="Oracle Corporation"/>
    <property name="java.specification.name" value="Java Platform API Specification"/>
    <property name="surefire.real.class.path" value="C:\Users\Vinit\AppData\Local\Temp\surefire16347980874890214572\surefirebooter5571187202540764126.jar"/>
    <property name="user.script" value=""/>
    <property name="sun.management.compiler" value="HotSpot 64-Bit Tiered Compilers"/>
    <property name="java.runtime.version" value="17.0.4.1+1"/>
    <property name="user.name" value="Vinit"/>
    <property name="path.separator" value=";"/>
    <property name="os.version" value="10.0"/>
    <property name="java.runtime.name" value="OpenJDK Runtime Environment"/>
    <property name="file.encoding" value="Cp1252"/>
    <property name="java.vm.name" value="OpenJDK 64-Bit Server VM"/>
    <property name="java.vendor.version" value="Temurin-17.0.4.1+1"/>
    <property name="localRepository" value="C:\Users\Vinit\.m2\repository"/>
    <property name="java.vendor.url.bug" value="https://github.com/adoptium/adoptium-support/issues"/>
    <property name="java.io.tmpdir" value="C:\Users\Vinit\AppData\Local\Temp\"/>
    <property name="java.version" value="17.0.4.1"/>
    <property name="user.dir" value="C:\eclipse\ElasticSearchSmit"/>
    <property name="os.arch" value="amd64"/>
    <property name="java.vm.specification.name" value="Java Virtual Machine Specification"/>
    <property name="sun.os.patch.level" value=""/>
    <property name="native.encoding" value="Cp1252"/>
    <property name="java.library.path" value="C:\Users\Vinit\.p2\pool\plugins\org.eclipse.justj.openjdk.hotspot.jre.full.win32.x86_64_17.0.4.v20221004-1257\jre\bin;C:\Windows\Sun\Java\bin;C:\Windows\system32;C:\Windows;C:/Users/Vinit/.p2/pool/plugins/org.eclipse.justj.openjdk.hotspot.jre.full.win32.x86_64_17.0.4.v20221004-1257/jre/bin/server;C:/Users/Vinit/.p2/pool/plugins/org.eclipse.justj.openjdk.hotspot.jre.full.win32.x86_64_17.0.4.v20221004-1257/jre/bin;C:\Program Files\Common Files\Oracle\Java\javapath;C:\Windows\system32;C:\Windows;C:\Windows\System32\Wbem;C:\Windows\System32\WindowsPowerShell\v1.0\;C:\Windows\System32\OpenSSH\;C:\Program Files\nodejs\;C:\Program Files\PuTTY\;C:\Program Files\Java\jdk1.8.0_361\bin;C:\Program Files\PowerShell\7\;C:\Program Files\Java\jdk-11.0.17\bin;C:\Users\Vinit\AppData\Local\Microsoft\WindowsApps;C:\Program Files\Java\jdk1.8.0_202\bin;C:\Users\Vinit\Downloads\elasticsearch-8.4.3-windows-x86_64.zip\elasticsearch-8.4.3\bin;C:\Users\Vinit\AppData\Local\Programs\Git\cmd;C:\Users\Vinit\AppData\Local\GitHubDesktop\bin;C:\Users\Vinit\AppData\Local\Programs\Microsoft VS Code\bin;C:\Users\Vinit\AppData\Roaming\npm;;C:\Windows\system32;;."/>
    <property name="java.vm.info" value="mixed mode"/>
    <property name="java.vendor" value="Eclipse Adoptium"/>
    <property name="java.vm.version" value="17.0.4.1+1"/>
    <property name="sun.io.unicode.encoding" value="UnicodeLittle"/>
    <property name="java.class.version" value="61.0"/>
  </properties>
  <testcase name="contextLoads" classname="com.elastic.search.ElasticSearchSmitApplicationTests" time="0.932"/>
</testsuite>